<?xml version="1.0" encoding="UTF-8"?>
<!-- Generated by org.testng.reporters.JUnitXMLReporter -->
<testsuite ignored="0" hostname="Naveen" failures="0" tests="5" name="Default test" time="7.711" errors="0" timestamp="2024-04-18T19:30:53 IST">
  <testcase classname="api.marksTest.UploadMarksTest" name="GetExam" time="4.411"/>
  <testcase classname="api.marksTest.UploadMarksTest" name="DownloadSampleMarkFile" time="0.582"/>
  <testcase classname="api.marksTest.UploadMarksTest" name="uploadMarks" time="0.783"/>
  <testcase classname="api.marksTest.UploadMarksTest" name="ExcelInfoTest" time="1.13"/>
  <testcase classname="api.marksTest.UploadMarksTest" name="ImportMark" time="0.737"/>
</testsuite> <!-- Default test -->
