<?xml version="1.0" encoding="UTF-8"?>
<!-- Generated by org.testng.reporters.JUnitXMLReporter -->
<testsuite ignored="0" hostname="Naveen" failures="0" tests="8" name="Default test" time="9.655" errors="0" timestamp="2024-04-22T19:23:36 IST">
  <testcase classname="api.marksTest.UploadMarksTest" name="GetExam" time="3.448"/>
  <testcase classname="api.marksTest.UploadMarksTest" name="DownloadSampleMarkFile" time="0.604"/>
  <testcase classname="api.marksTest.UploadMarksTest" name="uploadMarks" time="0.877"/>
  <testcase classname="api.marksTest.UploadMarksTest" name="ExcelInfoTest" time="0.734"/>
  <testcase classname="api.marksTest.UploadMarksTest" name="ImportMark" time="1.075"/>
  <testcase classname="api.marksTest.UploadMarksTest" name="GetSubjectList" time="0.442"/>
  <testcase classname="api.marksTest.UploadMarksTest" name="ExamReportDetails" time="0.836"/>
  <testcase classname="api.marksTest.UploadMarksTest" name="DeleteMarks" time="1.568"/>
</testsuite> <!-- Default test -->
