<?xml version="1.0" encoding="UTF-8"?>
<!-- Generated by org.testng.reporters.JUnitXMLReporter -->
<testsuite ignored="0" hostname="Naveen" failures="0" tests="27" name="Test" time="282.494" errors="0" timestamp="2024-04-13T15:33:54 IST">
  <testcase classname="api.test.StudentTest" name="createStudentApi" time="8.727"/>
  <testcase classname="api.test.StudentTest" name="getCreatedStudentInfo" time="7.874"/>
  <testcase classname="api.test.StudentTest" name="deleteStudentInfo" time="5.045"/>
  <testcase classname="api.test.StudentTest2" name="createStudentApi" time="5.857"/>
  <testcase classname="api.test.StudentTest2" name="getCreatedStudentInfo" time="3.731"/>
  <testcase classname="api.test.StudentTest2" name="deleteStudentInfo" time="9.969"/>
  <testcase classname="api.test.StdBulkImportTest" name="testDataFromExcel" time="8.382"/>
  <testcase classname="api.test.StdBulkImportTest" name="testDataFromExcel" time="5.523"/>
  <testcase classname="api.test.StdBulkImportTest" name="viewFileInfo" time="7.051"/>
  <testcase classname="api.test.StdBulkImportTest" name="AddStudentExcel" time="6.798"/>
  <testcase classname="api.test.StdBulkImportTest" name="getBulkStudentInfo" time="11.428"/>
  <testcase classname="api.test.StdBulkImportTest" name="deleteBulkStudent" time="12.453"/>
  <testcase classname="api.staffTest.StaffCreationTest" name="uploadTimeTable" time="7.255"/>
  <testcase classname="api.staffTest.StaffCreationTest" name="uploadProfile_Happening" time="36.157"/>
  <testcase classname="api.staffTest.StaffCreationTest" name="uploadProfile_teacher" time="13.949"/>
  <testcase classname="api.staffTest.StaffCreationTest" name="StaffCreation" time="5.569"/>
  <testcase classname="api.staffTest.StaffCreationTest" name="getStaffDetails" time="5.081"/>
  <testcase classname="api.staffTest.StaffCreationTest" name="UpdateStaff" time="7.476"/>
  <testcase classname="api.staffTest.StaffCreationTest" name="deleteStaff" time="8.128"/>
  <testcase classname="api.staffTest.staffBulkImportTest" name="UploadFile_Teacher" time="9.276"/>
  <testcase classname="api.staffTest.staffBulkImportTest" name="UploadFile_Teacher" time="6.759"/>
  <testcase classname="api.staffTest.staffBulkImportTest" name="UploadFile_Teacher" time="7.0"/>
  <testcase classname="api.staffTest.staffBulkImportTest" name="ViewFile_Teacher" time="12.737"/>
  <testcase classname="api.staffTest.staffBulkImportTest" name="importStaff" time="6.608"/>
  <testcase classname="api.staffTest.staffBulkImportTest" name="getBulKImportStaff" time="26.479"/>
  <testcase classname="api.staffTest.staffBulkImportTest" name="UpdateStaff" time="17.327"/>
  <testcase classname="api.staffTest.staffBulkImportTest" name="deleteBulKImportStaff" time="12.838"/>
</testsuite> <!-- Test -->
