<?xml version="1.0" encoding="UTF-8"?>
<!-- Generated by org.testng.reporters.JUnitXMLReporter -->
<testsuite ignored="0" hostname="Naveen" failures="0" tests="24" name="Test" time="44.629" errors="0" timestamp="2024-04-18T16:38:22 IST">
  <testcase classname="api.test.StudentTest" name="createStudentApi" time="8.01"/>
  <testcase classname="api.test.StudentTest" name="getCreatedStudentInfo" time="0.499"/>
  <testcase classname="api.test.StudentTest" name="deleteStudentInfo" time="0.447"/>
  <testcase classname="api.test.StdBulkImportTest" name="testDataFromExcel" time="0.803"/>
  <testcase classname="api.test.StdBulkImportTest" name="testDataFromExcel" time="0.639"/>
  <testcase classname="api.test.StdBulkImportTest" name="viewFileInfo" time="0.694"/>
  <testcase classname="api.test.StdBulkImportTest" name="AddStudentExcel" time="1.16"/>
  <testcase classname="api.test.StdBulkImportTest" name="getBulkStudentInfo" time="0.957"/>
  <testcase classname="api.test.StdBulkImportTest" name="deleteBulkStudent" time="1.256"/>
  <testcase classname="api.staffTest.StaffCreationTest" name="uploadTimeTable" time="0.551"/>
  <testcase classname="api.staffTest.StaffCreationTest" name="uploadProfile_Happening" time="3.838"/>
  <testcase classname="api.staffTest.StaffCreationTest" name="uploadProfile_teacher" time="1.054"/>
  <testcase classname="api.staffTest.StaffCreationTest" name="StaffCreation" time="2.611"/>
  <testcase classname="api.staffTest.StaffCreationTest" name="getStaffDetails" time="0.483"/>
  <testcase classname="api.staffTest.StaffCreationTest" name="UpdateStaff" time="0.624"/>
  <testcase classname="api.staffTest.StaffCreationTest" name="deleteStaff" time="0.452"/>
  <testcase classname="api.staffTest.staffBulkImportTest" name="UploadFile_Teacher" time="0.552"/>
  <testcase classname="api.staffTest.staffBulkImportTest" name="UploadFile_Teacher" time="0.505"/>
  <testcase classname="api.staffTest.staffBulkImportTest" name="UploadFile_Teacher" time="1.917"/>
  <testcase classname="api.staffTest.staffBulkImportTest" name="ViewFile_Teacher" time="0.661"/>
  <testcase classname="api.staffTest.staffBulkImportTest" name="importStaff" time="0.853"/>
  <testcase classname="api.staffTest.staffBulkImportTest" name="getBulKImportStaff" time="2.905"/>
  <testcase classname="api.staffTest.staffBulkImportTest" name="UpdateStaff" time="2.031"/>
  <testcase classname="api.staffTest.staffBulkImportTest" name="deleteBulKImportStaff" time="1.203"/>
</testsuite> <!-- Test -->
