<?xml version="1.0" encoding="UTF-8"?>
<testng-results ignored="0" total="5" passed="5" failed="0" skipped="0">
  <reporter-output>
  </reporter-output>
  <suite started-at="2024-04-18T19:30:45 IST" name="Default suite" finished-at="2024-04-18T19:30:53 IST" duration-ms="7711">
    <groups>
    </groups>
    <test started-at="2024-04-18T19:30:45 IST" name="Default test" finished-at="2024-04-18T19:30:53 IST" duration-ms="7711">
      <class name="api.marksTest.UploadMarksTest">
        <test-method signature="GetExam()[pri:1, instance:api.marksTest.UploadMarksTest@4d02f94e]" started-at="2024-04-18T19:30:46 IST" name="GetExam" finished-at="2024-04-18T19:30:50 IST" duration-ms="4411" status="PASS">
          <reporter-output>
          </reporter-output>
        </test-method> <!-- GetExam -->
        <test-method signature="DownloadSampleMarkFile()[pri:2, instance:api.marksTest.UploadMarksTest@4d02f94e]" started-at="2024-04-18T19:30:50 IST" name="DownloadSampleMarkFile" finished-at="2024-04-18T19:30:51 IST" duration-ms="582" status="PASS">
          <reporter-output>
          </reporter-output>
        </test-method> <!-- DownloadSampleMarkFile -->
        <test-method signature="uploadMarks()[pri:3, instance:api.marksTest.UploadMarksTest@4d02f94e]" started-at="2024-04-18T19:30:51 IST" name="uploadMarks" finished-at="2024-04-18T19:30:51 IST" duration-ms="783" status="PASS">
          <reporter-output>
          </reporter-output>
        </test-method> <!-- uploadMarks -->
        <test-method signature="ExcelInfoTest()[pri:4, instance:api.marksTest.UploadMarksTest@4d02f94e]" started-at="2024-04-18T19:30:51 IST" name="ExcelInfoTest" finished-at="2024-04-18T19:30:52 IST" duration-ms="1130" status="PASS">
          <reporter-output>
          </reporter-output>
        </test-method> <!-- ExcelInfoTest -->
        <test-method signature="ImportMark()[pri:5, instance:api.marksTest.UploadMarksTest@4d02f94e]" started-at="2024-04-18T19:30:52 IST" name="ImportMark" finished-at="2024-04-18T19:30:53 IST" duration-ms="737" status="PASS">
          <reporter-output>
          </reporter-output>
        </test-method> <!-- ImportMark -->
      </class> <!-- api.marksTest.UploadMarksTest -->
    </test> <!-- Default test -->
  </suite> <!-- Default suite -->
</testng-results>
