<?xml version="1.0" encoding="UTF-8"?>
<testng-results ignored="0" total="5" passed="5" failed="0" skipped="0">
  <reporter-output>
  </reporter-output>
  <suite started-at="2024-04-17T19:30:37 IST" name="Default suite" finished-at="2024-04-17T19:30:43 IST" duration-ms="6148">
    <groups>
    </groups>
    <test started-at="2024-04-17T19:30:37 IST" name="Default test" finished-at="2024-04-17T19:30:43 IST" duration-ms="6148">
      <class name="api.marksTest.UploadMarksTest">
        <test-method signature="GetExam()[pri:1, instance:api.marksTest.UploadMarksTest@6babf3bf]" started-at="2024-04-17T19:30:37 IST" name="GetExam" finished-at="2024-04-17T19:30:41 IST" duration-ms="3790" status="PASS">
          <reporter-output>
          </reporter-output>
        </test-method> <!-- GetExam -->
        <test-method signature="DownloadSampleMarkFile()[pri:2, instance:api.marksTest.UploadMarksTest@6babf3bf]" started-at="2024-04-17T19:30:41 IST" name="DownloadSampleMarkFile" finished-at="2024-04-17T19:30:41 IST" duration-ms="517" status="PASS">
          <reporter-output>
          </reporter-output>
        </test-method> <!-- DownloadSampleMarkFile -->
        <test-method signature="uploadMarks()[pri:3, instance:api.marksTest.UploadMarksTest@6babf3bf]" started-at="2024-04-17T19:30:41 IST" name="uploadMarks" finished-at="2024-04-17T19:30:42 IST" duration-ms="698" status="PASS">
          <reporter-output>
          </reporter-output>
        </test-method> <!-- uploadMarks -->
        <test-method signature="ExcelInfoTest()[pri:4, instance:api.marksTest.UploadMarksTest@6babf3bf]" started-at="2024-04-17T19:30:42 IST" name="ExcelInfoTest" finished-at="2024-04-17T19:30:42 IST" duration-ms="539" status="PASS">
          <reporter-output>
          </reporter-output>
        </test-method> <!-- ExcelInfoTest -->
        <test-method signature="ImportMark()[pri:5, instance:api.marksTest.UploadMarksTest@6babf3bf]" started-at="2024-04-17T19:30:42 IST" name="ImportMark" finished-at="2024-04-17T19:30:43 IST" duration-ms="534" status="PASS">
          <reporter-output>
          </reporter-output>
        </test-method> <!-- ImportMark -->
      </class> <!-- api.marksTest.UploadMarksTest -->
    </test> <!-- Default test -->
  </suite> <!-- Default suite -->
</testng-results>
